Sencha Cmd 6.5.1.240 - Crash report
================================================
An error occurred while executing the following command: --help

Diagnostic information:
=======================
                    buildenvironment.dir : /mnt/nas/evserver02/SourceVault/enovision.github/enovision.github.io
               buildenvironment.load.dir : /mnt/nas/evserver02/SourceVault/enovision.github/enovision.github.io/build/production/Viewer
                          cmd.config.dir : /home/jvandemerwe/bin/Sencha/Cmd/6.5.1.240        
                                 cmd.dir : /home/jvandemerwe/bin/Sencha/Cmd/6.5.1.240        
              cmd.merge.tool.args.araxis : -wait -merge -3 -a1 {base} {user} {generated} {out}
              cmd.merge.tool.args.kdiff3 : {base} {user} {generated} -o {out}                
             cmd.merge.tool.args.p4merge : {base} {user} {generated} {out}                   
           cmd.merge.tool.args.smartsync : {user} {generated} {base}                         
          cmd.merge.tool.args.sourcegear : --merge --result={out} {user} {base} {generated}  
            cmd.merge.tool.args.tortoise : -base:{base} -theirs:{generated} -mine:{user} -merged:{out}
                              cmd.minver : 3.0.0.0                                           
                            cmd.platform : linux-x64                                         
                     cmd.unicode.escapes : /home/jvandemerwe/bin/Sencha/Cmd/6.5.1.240/unicode-escapes.json
                             cmd.version : 6.5.1.240                                         
                            cmd.web.port : 1841                                              
                       inspector.address : http://localhost:1839/                            
                          repo.local.dir : /home/jvandemerwe/bin/Sencha/Cmd/repo             
                       shared.sencha.dir : false                                             
        system.java.net.useSystemProxies : true                                              
                          workspace.apps : Viewer                                            
                        workspace.apps.0 : Viewer                                            
                   workspace.apps.length : 1                                                 
                     workspace.build.dir : /mnt/nas/evserver02/SourceVault/enovision.github/enovision.github.io/build
                   workspace.cmd.version : 6.5.1.240                                         
                    workspace.config.dir : /mnt/nas/evserver02/SourceVault/enovision.github/enovision.github.io/.sencha/workspace
                           workspace.dir : /mnt/nas/evserver02/SourceVault/enovision.github/enovision.github.io
           workspace.frameworks.ext.path : /mnt/nas/evserver02/SourceVault/enovision.github/enovision.github.io/ext
        workspace.frameworks.ext.version : 6.2.1.167                                         
        workspace.frameworks.ext651.path : /mnt/nas/evserver02/SourceVault/enovision.github/enovision.github.io/ext651
     workspace.frameworks.ext651.version : 6.5.1.345                                         
                  workspace.packages.dir : /mnt/nas/evserver02/SourceVault/enovision.github/enovision.github.io/packages/local,/mnt/nas/evserver02/SourceVault/enovision.github/enovision.github.io/packages
              workspace.packages.extract : /mnt/nas/evserver02/SourceVault/enovision.github/enovision.github.io/packages/remote
                     workspace.theme.dir : /mnt/nas/evserver02/SourceVault/enovision.github/enovision.github.io/packages/local,/mnt/nas/evserver02/SourceVault/enovision.github/enovision.github.io/packages/${args.themeName}

Exception information:
=======================
No such property : help
     at com.sencha.cli.AbstractCommand$Properties.getProperty(AbstractCommand.java:444)
     at com.sencha.cli.AbstractCommand.parseConfigParam(AbstractCommand.java:468)
     at com.sencha.cli.AbstractCommand.processConfigParam(AbstractCommand.java:518)
     at com.sencha.cli.AbstractCommand.configure(AbstractCommand.java:114)
     at com.sencha.command.Sencha.main(Sencha.java:135)
     at sun.reflect.NativeMethodAccessorImpl.invoke0(Native Method)
     at sun.reflect.NativeMethodAccessorImpl.invoke(NativeMethodAccessorImpl.java:62)
     at sun.reflect.DelegatingMethodAccessorImpl.invoke(DelegatingMethodAccessorImpl.java:43)
     at java.lang.reflect.Method.invoke(Method.java:498)
     at com.exe4j.runtime.LauncherEngine.launch(LauncherEngine.java:65)
     at com.install4j.runtime.launcher.UnixLauncher.main(UnixLauncher.java:57)

